<?xml version="1.0" encoding="UTF-8"?>
<!-- Generated by org.testng.reporters.JUnitReportReporter -->
<testsuite hostname="AHS-LP-328" failures="0" tests="1" name="com.base.Base" time="8.991" errors="0" timestamp="2022-07-04T17:26:26 IST" skipped="0">
  <testcase classname="com.base.Base" name="test1" time="8.991"/>
  <system-out/>
</testsuite> <!-- com.base.Base -->
