<?xml version="1.0" encoding="UTF-8"?>
<!-- Generated by org.testng.reporters.JUnitReportReporter -->
<testsuite hostname="AHS-LP-328" failures="0" tests="1" name="com.testpkg.Hashmaps" time="0.008" errors="0" timestamp="2022-06-15T19:25:51 IST" skipped="0">
  <testcase classname="com.testpkg.Hashmaps" name="testing" time="0.008"/>
  <system-out/>
</testsuite> <!-- com.testpkg.Hashmaps -->
