<?xml version="1.0" encoding="UTF-8"?>
<!-- Generated by org.testng.reporters.JUnitReportReporter -->
<testsuite hostname="AHS-LP-328" failures="0" tests="1" name="com.testpkg.FlipKart" time="170.204" errors="0" timestamp="2022-06-04T14:32:30 IST" skipped="0">
  <testcase classname="com.testpkg.FlipKart" name="main" time="170.204"/>
  <system-out/>
</testsuite> <!-- com.testpkg.FlipKart -->
