<?xml version="1.0" encoding="UTF-8"?>
<!-- Generated by org.testng.reporters.JUnitReportReporter -->
<testsuite hostname="DESKTOP-HH8PPS6" failures="0" tests="1" name="com.interview.TelanaganaRegistarion" time="47.482" errors="0" timestamp="2022-10-10T12:49:31 IST" skipped="0">
  <testcase classname="com.interview.TelanaganaRegistarion" name="getEC" time="47.482"/>
  <system-out/>
</testsuite> <!-- com.interview.TelanaganaRegistarion -->
