<?xml version="1.0" encoding="UTF-8"?>
<!-- Generated by org.testng.reporters.JUnitReportReporter -->
<testsuite hostname="AHS-LP-328" failures="0" tests="1" name="com.testpkg.LambdaTest" time="17.739" errors="0" timestamp="2022-06-17T14:29:47 IST" skipped="0">
  <testcase classname="com.testpkg.LambdaTest" name="basicTest" time="17.739"/>
  <system-out/>
</testsuite> <!-- com.testpkg.LambdaTest -->
