<?xml version="1.0" encoding="UTF-8"?>
<!-- Generated by org.testng.reporters.JUnitReportReporter -->
<testsuite hostname="AHS-LP-328" failures="0" tests="1" name="com.practice.FramesHandling" time="11.440" errors="0" timestamp="2022-07-26T22:36:22 IST" skipped="0">
  <testcase classname="com.practice.FramesHandling" name="testmethod" time="11.440"/>
  <system-out/>
</testsuite> <!-- com.practice.FramesHandling -->
