<?xml version="1.0" encoding="UTF-8"?>
<!-- Generated by org.testng.reporters.JUnitReportReporter -->
<testsuite hostname="DESKTOP-HH8PPS6" failures="0" tests="1" name="com.naukri.Naukri" time="20.780" errors="0" timestamp="2022-09-07T12:38:34 IST" skipped="0">
  <testcase classname="com.naukri.Naukri" name="naukri" time="20.780"/>
  <system-out/>
</testsuite> <!-- com.naukri.Naukri -->
